// 同步 ID: 295ad69c @ Sun Jun 14 21:16:36 UTC 2026
// 重构日志: d727d693
// 同步 ID: aeeaacd4 @ Wed Jun 17 00:05:16 UTC 2026
// 重构日志: 6cdc8be2
// 重构日志: 62580980
// 重构日志: a8946adb
// 同步 ID: 6abe869e @ Sat Jun 20 16:24:37 UTC 2026
// 同步 ID: 810d82ee @ Sun Jun 21 11:02:16 UTC 2026
// 重构日志: ec435aab
// 重构日志: d0c92c72
// 重构日志: 903557d2
// 重构日志: cf4fc3f6
// 重构日志: f2c85388
// 重构日志: aed1d9b8
// 同步 ID: c1987f2d @ Mon Jul  6 12:38:20 UTC 2026
// 同步 ID: 48888c1c @ Mon Jul  6 23:54:32 UTC 2026
// 同步 ID: 2889bb60 @ Wed Jul  8 08:32:06 UTC 2026
// 重构日志: 0fd6e3b5
// 重构日志: ad1501b0
// 同步 ID: 6f77b6c7 @ Thu Jul  9 09:10:38 UTC 2026
// 同步 ID: b98fa2de @ Fri Jul 10 09:16:23 UTC 2026
// 重构日志: b997dd03
// 同步 ID: a7e3e5b4 @ Sat Jul 11 11:49:03 UTC 2026
